<?xml version="1.0" encoding="UTF-8"?>
<testng-results ignored="0" total="1" passed="1" failed="0" skipped="0">
  <reporter-output>
  </reporter-output>
  <suite started-at="2019-07-09T17:29:08Z" name="Suite" finished-at="2019-07-09T17:29:20Z" duration-ms="12185">
    <groups>
    </groups>
    <test started-at="2019-07-09T17:29:08Z" name="Test" finished-at="2019-07-09T17:29:20Z" duration-ms="12185">
      <class name="com.test.demo.T1">
        <test-method signature="big()[pri:0, instance:com.test.demo.T1@43bc63a3]" started-at="2019-07-09T17:29:08Z" name="big" finished-at="2019-07-09T17:29:20Z" duration-ms="12150" status="PASS">
          <reporter-output>
          </reporter-output>
        </test-method> <!-- big -->
      </class> <!-- com.test.demo.T1 -->
    </test> <!-- Test -->
  </suite> <!-- Suite -->
</testng-results>
