<?xml version="1.0" encoding="UTF-8"?>
<testng-results ignored="0" total="1" passed="1" failed="0" skipped="0">
  <reporter-output>
  </reporter-output>
  <suite started-at="2019-07-11T17:58:53Z" name="Default suite" finished-at="2019-07-11T17:59:18Z" duration-ms="25226">
    <groups>
    </groups>
    <test started-at="2019-07-11T17:58:53Z" name="Default test" finished-at="2019-07-11T17:59:18Z" duration-ms="25226">
      <class name="com.test.demo.T1">
        <test-method signature="big()[pri:0, instance:com.test.demo.T1@4e50c791]" started-at="2019-07-11T17:58:53Z" name="big" finished-at="2019-07-11T17:59:18Z" duration-ms="25189" status="PASS">
          <reporter-output>
          </reporter-output>
        </test-method> <!-- big -->
      </class> <!-- com.test.demo.T1 -->
    </test> <!-- Default test -->
  </suite> <!-- Default suite -->
</testng-results>
