<?xml version="1.0" encoding="UTF-8"?>
<testng-results ignored="0" total="1" passed="1" failed="0" skipped="0">
  <reporter-output>
  </reporter-output>
  <suite started-at="2019-07-09T17:43:08Z" name="Default suite" finished-at="2019-07-09T17:43:18Z" duration-ms="9321">
    <groups>
    </groups>
    <test started-at="2019-07-09T17:43:08Z" name="Default test" finished-at="2019-07-09T17:43:18Z" duration-ms="9321">
      <class name="com.test.demo.T1">
        <test-method signature="big()[pri:0, instance:com.test.demo.T1@4e50c791]" started-at="2019-07-09T17:43:08Z" name="big" finished-at="2019-07-09T17:43:18Z" duration-ms="9287" status="PASS">
          <reporter-output>
          </reporter-output>
        </test-method> <!-- big -->
      </class> <!-- com.test.demo.T1 -->
    </test> <!-- Default test -->
  </suite> <!-- Default suite -->
</testng-results>
